[2026-07-09T02:30:27.868Z] Initialized workspace for topic 'tow_truck_dark_side' at C:\xampp\htdocs\apps\gigbizness-stories\workspaces\tow_truck_dark_side
[2026-07-09T02:33:59.989Z] Starting research stage for topic 'tow_truck_dark_side'
[2026-07-09T02:34:00.272Z] Completed research stage for topic 'tow_truck_dark_side'
[2026-07-09T02:34:32.409Z] Starting research stage for topic 'tow_truck_dark_side'
[2026-07-09T02:34:32.688Z] Completed research stage for topic 'tow_truck_dark_side'
[2026-07-09T02:34:54.924Z] Starting research stage for topic 'tow_truck_dark_side'
[2026-07-09T02:34:55.221Z] Completed research stage for topic 'tow_truck_dark_side'
[2026-07-09T02:37:46.439Z] Starting script stage for topic 'tow_truck_dark_side'
[2026-07-09T02:37:46.866Z] Completed script stage for topic 'tow_truck_dark_side'
[2026-07-09T02:37:47.379Z] Starting script stage for topic 'tow_truck_dark_side'
[2026-07-09T02:37:47.787Z] Completed script stage for topic 'tow_truck_dark_side'
[2026-07-09T02:38:18.255Z] Starting script stage for topic 'tow_truck_dark_side'
[2026-07-09T02:38:18.683Z] Completed script stage for topic 'tow_truck_dark_side'
[2026-07-09T02:40:44.775Z] Starting voice stage for topic 'tow_truck_dark_side'
[2026-07-09T02:40:45.676Z] Starting voice stage for topic 'tow_truck_dark_side'
[2026-07-09T02:40:50.676Z] Completed voice stage for topic 'tow_truck_dark_side'
[2026-07-09T02:40:51.543Z] Completed voice stage for topic 'tow_truck_dark_side'
[2026-07-09T02:44:35.169Z] Starting assets stage for topic 'tow_truck_dark_side'
[2026-07-09T02:44:35.588Z] Completed assets stage for topic 'tow_truck_dark_side'
[2026-07-09T02:44:36.058Z] Starting assets stage for topic 'tow_truck_dark_side'
[2026-07-09T02:44:36.480Z] Completed assets stage for topic 'tow_truck_dark_side'
[2026-07-09T02:45:06.347Z] Starting assets stage for topic 'tow_truck_dark_side'
[2026-07-09T02:45:06.765Z] Completed assets stage for topic 'tow_truck_dark_side'
[2026-07-09T02:45:49.359Z] Starting assets stage for topic 'tow_truck_dark_side'
[2026-07-09T02:45:49.811Z] Completed assets stage for topic 'tow_truck_dark_side'
[2026-07-09T03:00:54.752Z] Starting render stage for topic 'tow_truck_dark_side' with profile 'draft'
[2026-07-09T03:00:58.252Z] Starting render stage for topic 'tow_truck_dark_side' with profile 'draft'
[2026-07-09T03:01:38.675Z] Starting render stage for topic 'tow_truck_dark_side' with profile 'draft'
[2026-07-09T03:02:07.511Z] Completed render stage for topic 'tow_truck_dark_side' with profile 'draft'
[2026-07-09T03:02:20.207Z] Starting render stage for topic 'tow_truck_dark_side' with profile 'draft'
[2026-07-09T03:02:48.484Z] Completed render stage for topic 'tow_truck_dark_side' with profile 'draft'
